2022-03-16 13:21:38,986:INFO: device: cuda
2022-03-16 13:21:39,009:INFO: -------- Vocabulary Loaded! --------
2022-03-16 13:21:40,573:INFO: -------- Process Done! --------
2022-03-16 13:21:40,756:INFO: -------- Process Done! --------
2022-03-16 13:22:08,293:INFO: epoch: 1, train loss: 2792.41614312066
2022-03-16 13:24:29,469:INFO: epoch: 1, f1 score: 0.035825077554288, dev loss: 1678.6053538602941
2022-03-16 13:25:22,130:INFO: --------Save best model!--------
2022-03-16 13:25:26,234:INFO: Training Finished!
2022-03-16 13:25:45,005:INFO: epoch: 2, train loss: 1247.9677693684896
2022-03-16 13:25:54,162:INFO: epoch: 2, f1 score: 0.31846259437199725, dev loss: 1002.6006433823529
2022-03-16 13:25:54,178:INFO: --------Save best model!--------
2022-03-16 13:25:54,179:INFO: Training Finished!
2022-03-16 13:26:07,539:INFO: epoch: 3, train loss: 774.6856287073206
2022-03-16 13:26:16,507:INFO: epoch: 3, f1 score: 0.4506329113924051, dev loss: 832.1496438419117
2022-03-16 13:26:16,523:INFO: --------Save best model!--------
2022-03-16 13:26:16,523:INFO: Training Finished!
2022-03-16 13:26:29,864:INFO: epoch: 4, train loss: 561.4440018830476
2022-03-16 13:26:39,023:INFO: epoch: 4, f1 score: 0.5309083478083172, dev loss: 739.1923253676471
2022-03-16 13:26:39,039:INFO: --------Save best model!--------
2022-03-16 13:26:39,039:INFO: Training Finished!
2022-03-16 13:26:52,303:INFO: epoch: 5, train loss: 412.5137561939381
2022-03-16 13:27:01,537:INFO: epoch: 5, f1 score: 0.5586082528906333, dev loss: 725.9725413602941
2022-03-16 13:27:01,553:INFO: --------Save best model!--------
2022-03-16 13:27:01,553:INFO: Training Finished!
2022-03-16 13:27:14,996:INFO: epoch: 6, train loss: 303.2158053927951
2022-03-16 13:27:24,279:INFO: epoch: 6, f1 score: 0.5845712529453949, dev loss: 711.3448988970588
2022-03-16 13:27:24,295:INFO: --------Save best model!--------
2022-03-16 13:27:24,295:INFO: Training Finished!
2022-03-16 13:27:37,785:INFO: epoch: 7, train loss: 232.31663722285518
2022-03-16 13:27:47,018:INFO: epoch: 7, f1 score: 0.5787115403763816, dev loss: 747.1015625
2022-03-16 13:27:47,019:INFO: Training Finished!
2022-03-16 13:28:00,422:INFO: epoch: 8, train loss: 181.2909614280418
2022-03-16 13:28:10,798:INFO: epoch: 8, f1 score: 0.59, dev loss: 785.7811351102941
2022-03-16 13:28:10,814:INFO: --------Save best model!--------
2022-03-16 13:28:10,814:INFO: Training Finished!
2022-03-16 13:28:24,789:INFO: epoch: 9, train loss: 146.01425334789135
2022-03-16 13:28:34,374:INFO: epoch: 9, f1 score: 0.5924751638131474, dev loss: 810.7250689338235
2022-03-16 13:28:34,391:INFO: --------Save best model!--------
2022-03-16 13:28:34,391:INFO: Training Finished!
2022-03-16 13:28:48,199:INFO: epoch: 10, train loss: 116.22732487431279
2022-03-16 13:28:57,883:INFO: epoch: 10, f1 score: 0.6017347685233566, dev loss: 847.1417738970588
2022-03-16 13:28:57,901:INFO: --------Save best model!--------
2022-03-16 13:28:57,901:INFO: Training Finished!
2022-03-16 13:29:12,103:INFO: epoch: 11, train loss: 85.32777543244538
2022-03-16 13:29:21,586:INFO: epoch: 11, f1 score: 0.601844262295082, dev loss: 876.1973230698529
2022-03-16 13:29:21,603:INFO: --------Save best model!--------
2022-03-16 13:29:21,603:INFO: Training Finished!
2022-03-16 13:29:35,496:INFO: epoch: 12, train loss: 67.87224310415762
2022-03-16 13:29:45,007:INFO: epoch: 12, f1 score: 0.6067577282530553, dev loss: 902.1383846507352
2022-03-16 13:29:45,025:INFO: --------Save best model!--------
2022-03-16 13:29:45,026:INFO: Training Finished!
2022-03-16 13:29:59,195:INFO: epoch: 13, train loss: 56.500176125985604
2022-03-16 13:30:08,660:INFO: epoch: 13, f1 score: 0.603986847513358, dev loss: 952.7416130514706
2022-03-16 13:30:08,660:INFO: Training Finished!
2022-03-16 13:30:22,724:INFO: epoch: 14, train loss: 47.171925678959596
2022-03-16 13:30:32,492:INFO: epoch: 14, f1 score: 0.6054837040869115, dev loss: 991.4519761029412
2022-03-16 13:30:32,493:INFO: Training Finished!
2022-03-16 13:30:46,520:INFO: epoch: 15, train loss: 43.101566851580586
2022-03-16 13:30:55,744:INFO: epoch: 15, f1 score: 0.610228553858768, dev loss: 984.7867647058823
2022-03-16 13:30:55,761:INFO: --------Save best model!--------
2022-03-16 13:30:55,761:INFO: Training Finished!
2022-03-16 13:31:09,345:INFO: epoch: 16, train loss: 34.688234117296005
2022-03-16 13:31:18,537:INFO: epoch: 16, f1 score: 0.6091381100726895, dev loss: 1054.0129825367646
2022-03-16 13:31:18,538:INFO: Training Finished!
2022-03-16 13:31:32,114:INFO: epoch: 17, train loss: 27.32943464208532
2022-03-16 13:31:41,607:INFO: epoch: 17, f1 score: 0.6061298701298702, dev loss: 1078.7455193014705
2022-03-16 13:31:41,608:INFO: Training Finished!
2022-03-16 13:31:55,735:INFO: epoch: 18, train loss: 25.00996752138491
2022-03-16 13:32:05,418:INFO: epoch: 18, f1 score: 0.6102078616999381, dev loss: 1100.065372242647
2022-03-16 13:32:05,418:INFO: Training Finished!
2022-03-16 13:32:19,613:INFO: epoch: 19, train loss: 22.494337463378905
2022-03-16 13:32:29,401:INFO: epoch: 19, f1 score: 0.6060167476480925, dev loss: 1134.206112132353
2022-03-16 13:32:29,401:INFO: Training Finished!
2022-03-16 13:32:43,588:INFO: epoch: 20, train loss: 21.124380026923287
2022-03-16 13:32:53,251:INFO: epoch: 20, f1 score: 0.6041624570620326, dev loss: 1141.2775735294117
2022-03-16 13:32:53,251:INFO: Best val f1: 0.610228553858768
2022-03-16 13:32:53,365:INFO: -------- Process Done! --------
2022-03-16 13:32:53,392:INFO: --------Load model from ./save/model.pth--------
2022-03-16 13:32:59,116:INFO: --------Bad Cases reserved !--------
2022-03-16 13:32:59,548:INFO: final test loss: 1005.8856956845239, f1 score: 0.615681233933162
2022-03-16 13:32:59,549:INFO: f1 score of address: 0.41032258064516125
2022-03-16 13:32:59,549:INFO: f1 score of book: 0.5836065573770493
2022-03-16 13:32:59,549:INFO: f1 score of company: 0.609375
2022-03-16 13:32:59,549:INFO: f1 score of game: 0.7569331158238174
2022-03-16 13:32:59,549:INFO: f1 score of government: 0.6589147286821705
2022-03-16 13:32:59,549:INFO: f1 score of movie: 0.6163934426229508
2022-03-16 13:32:59,550:INFO: f1 score of name: 0.6504237288135593
2022-03-16 13:32:59,550:INFO: f1 score of organization: 0.6675324675324674
2022-03-16 13:32:59,550:INFO: f1 score of position: 0.6849642004773269
2022-03-16 13:32:59,550:INFO: f1 score of scene: 0.4461538461538462
