2022-03-16 13:57:36,425:INFO: device: cuda
2022-03-16 13:57:36,427:INFO: ----------process done!-----------
2022-03-16 14:04:33,187:INFO: device: cuda
2022-03-16 14:05:28,223:INFO: --------train data process DONE!--------
2022-03-16 14:05:37,531:INFO: --------test data process DONE!--------
2022-03-16 14:05:38,969:INFO: ----------process done!-----------
2022-03-16 14:40:22,105:INFO: device: cuda
2022-03-16 14:40:22,106:INFO: ----------process done!-----------
2022-03-16 14:40:44,192:INFO: device: cuda
2022-03-16 14:40:44,192:INFO: ----------process done!-----------
2022-03-16 14:41:18,724:INFO: device: cuda
2022-03-16 14:41:18,724:INFO: ----------process done!-----------
2022-03-16 14:41:34,094:INFO: --------Dataset Build!--------
2022-03-16 14:41:42,627:INFO: --------Start Training!--------
2022-03-16 14:41:48,558:INFO: Epoch: 1,train loss: 225.94068742835003
2022-03-16 14:41:48,703:INFO: Epoch: 1, dev loss: 150.75256983439127, f1 score: 0
2022-03-16 14:41:52,466:INFO: Epoch: 2,train loss: 166.0496001865553
2022-03-16 14:41:52,608:INFO: Epoch: 2, dev loss: 106.66489283243816, f1 score: 0
2022-03-16 14:41:56,382:INFO: Epoch: 3,train loss: 123.96968907895295
2022-03-16 14:41:56,545:INFO: Epoch: 3, dev loss: 83.5322265625, f1 score: 0
2022-03-16 14:42:00,338:INFO: Epoch: 4,train loss: 103.56896077031675
2022-03-16 14:42:00,486:INFO: Epoch: 4, dev loss: 74.96292368570964, f1 score: 0
2022-03-16 14:42:04,253:INFO: Epoch: 5,train loss: 97.79529836903448
2022-03-16 14:42:04,420:INFO: Epoch: 5, dev loss: 72.77537027994792, f1 score: 0
2022-03-16 14:42:04,420:INFO: Best val f1: 0.0
2022-03-16 14:42:04,420:INFO: Training Finished!
2022-03-16 14:42:58,209:INFO: device: cuda
2022-03-16 14:42:58,210:INFO: ----------process done!-----------
2022-03-16 14:43:48,458:INFO: device: cuda
2022-03-16 14:43:48,458:INFO: ----------process done!-----------
2022-03-16 14:44:43,079:INFO: device: cuda
2022-03-16 14:44:43,080:INFO: ----------process done!-----------
2022-03-16 14:45:50,818:INFO: device: cuda
2022-03-16 14:45:50,819:INFO: ----------process done!-----------
2022-03-16 14:47:20,004:INFO: device: cuda
2022-03-16 14:47:20,005:INFO: ----------process done!-----------
2022-03-16 14:49:43,686:INFO: device: cuda
2022-03-16 14:49:43,686:INFO: ----------process done!-----------
2022-03-16 14:49:59,082:INFO: --------Dataset Build!--------
2022-03-16 14:50:04,583:INFO: --------Start Training!--------
2022-03-16 14:50:42,274:INFO: device: cuda
2022-03-16 14:50:42,274:INFO: ----------process done!-----------
2022-03-16 14:51:17,948:INFO: device: cuda
2022-03-16 14:51:17,948:INFO: ----------process done!-----------
2022-03-16 14:51:33,429:INFO: --------Dataset Build!--------
2022-03-16 14:51:39,014:INFO: --------Start Training!--------
2022-03-16 14:51:43,646:INFO: Epoch: 1,train loss: 223.57124958867612
2022-03-16 14:51:43,796:INFO: Epoch: 1, dev loss: 146.55022430419922, f1 score: 0
2022-03-16 14:51:47,619:INFO: Epoch: 2,train loss: 159.71731136156166
2022-03-16 14:51:47,784:INFO: Epoch: 2, dev loss: 101.77822367350261, f1 score: 0
2022-03-16 14:51:51,626:INFO: Epoch: 3,train loss: 119.19166929825492
2022-03-16 14:51:51,770:INFO: Epoch: 3, dev loss: 80.90869394938152, f1 score: 0
2022-03-16 14:51:55,571:INFO: Epoch: 4,train loss: 102.08964157104492
2022-03-16 14:51:55,716:INFO: Epoch: 4, dev loss: 73.49109395345052, f1 score: 0
2022-03-16 14:51:59,518:INFO: Epoch: 5,train loss: 96.60582119485606
2022-03-16 14:51:59,678:INFO: Epoch: 5, dev loss: 71.5146255493164, f1 score: 0
2022-03-16 14:51:59,678:INFO: Best val f1: 0.0
2022-03-16 14:51:59,678:INFO: Training Finished!
2022-03-16 14:52:48,795:INFO: device: cuda
2022-03-16 14:52:48,795:INFO: ----------process done!-----------
2022-03-16 14:56:33,277:INFO: device: cuda
2022-03-16 14:56:33,277:INFO: ----------process done!-----------
2022-03-16 16:06:46,979:INFO: device: cuda
2022-03-16 16:06:46,980:INFO: ----------process done!-----------
2022-03-16 16:07:57,108:INFO: --------Dataset Build!--------
2022-03-16 16:09:19,050:INFO: device: cuda
2022-03-16 16:09:19,050:INFO: ----------process done!-----------
2022-03-16 16:09:34,359:INFO: --------Dataset Build!--------
2022-03-16 16:10:02,044:INFO: --------Start Training!--------
2022-03-16 18:35:54,714:INFO: device: cuda
2022-03-16 18:35:54,714:INFO: ----------process done!-----------
2022-03-16 18:36:09,966:INFO: --------Dataset Build!--------
2022-03-16 18:36:14,991:INFO: --------Start Training!--------
2022-03-16 18:36:20,977:INFO: Epoch: 1,train loss: 234.12138101328975
2022-03-16 18:36:21,135:INFO: Epoch: 1, dev loss: 156.00501505533853, f1 score: 0
2022-03-16 18:36:24,966:INFO: Epoch: 2,train loss: 170.55911487081775
2022-03-16 18:36:25,108:INFO: Epoch: 2, dev loss: 112.06887944539388, f1 score: 0
2022-03-16 18:36:28,847:INFO: Epoch: 3,train loss: 128.13582047172216
2022-03-16 18:36:29,014:INFO: Epoch: 3, dev loss: 87.75140889485677, f1 score: 0
2022-03-16 18:36:32,760:INFO: Epoch: 4,train loss: 107.52785657799762
2022-03-16 18:36:32,906:INFO: Epoch: 4, dev loss: 78.5603764851888, f1 score: 0
2022-03-16 18:36:36,673:INFO: Epoch: 5,train loss: 100.15704776929772
2022-03-16 18:36:36,815:INFO: Epoch: 5, dev loss: 75.84801483154297, f1 score: 0
2022-03-16 18:36:36,815:INFO: Best val f1: 0.0
2022-03-16 18:36:36,815:INFO: Training Finished!
